<testsuites name="results">
  <testsuite name="all" package="all">
    <property name="random_seed" value="1763248584" />
    <testcase name="test_a" classname="new_test_demodulate" file="/Users/yabi/Documents/Schooly_Stuff/6.s965/radioHead/sim/new_test_demodulate.py" lineno="273" time="0.17085504531860352" sim_time_ns="7010.001" ratio_time="41028.937640840726">
      <failure message="Test failed with RANDOM_SEED=1763248584" />
    </testcase>
    <testcase name="test_b" classname="new_test_demodulate" file="/Users/yabi/Documents/Schooly_Stuff/6.s965/radioHead/sim/new_test_demodulate.py" lineno="311" time="2.0113790035247803" sim_time_ns="0.0010000000002037268" ratio_time="0.0004971713428703925">
      <failure message="Test failed with RANDOM_SEED=1763248584" />
    </testcase>
  </testsuite>
</testsuites>
